
*** Running vivado
    with args -log xadc_wiz_0.vds -m64 -mode batch -messageDb vivado.pb -source xadc_wiz_0.tcl


****** Vivado v2014.4 (64-bit)
  **** SW Build 1071353 on Tue Nov 18 18:29:27 MST 2014
  **** IP Build 1070531 on Tue Nov 18 01:10:18 MST 2014
    ** Copyright 1986-2014 Xilinx, Inc. All Rights Reserved.

source xadc_wiz_0.tcl
# set_param gui.test TreeTableDev
# debug::add_scope template.lib 1
# set_msg_config -id {HDL 9-1061} -limit 100000
# set_msg_config -id {HDL 9-1654} -limit 100000
# create_project -in_memory -part xc7a100tcsg324-1
WARNING: [Board 49-26] cannot add Board Part xilinx.com:kc705:part0:0.9 available at D:/Vivado/2014.4/data/boards/board_parts/kintex7/kc705/0.9/board_part.xml as part xc7k325tffg900-2 specified in board_part file is either invalid or not available
WARNING: [Board 49-26] cannot add Board Part xilinx.com:kc705:part0:1.0 available at D:/Vivado/2014.4/data/boards/board_parts/kintex7/kc705/1.0/board_part.xml as part xc7k325tffg900-2 specified in board_part file is either invalid or not available
WARNING: [Board 49-26] cannot add Board Part xilinx.com:kc705:part0:1.1 available at D:/Vivado/2014.4/data/boards/board_parts/kintex7/kc705/1.1/board_part.xml as part xc7k325tffg900-2 specified in board_part file is either invalid or not available
WARNING: [Board 49-26] cannot add Board Part xilinx.com:zc706:part0:0.9 available at D:/Vivado/2014.4/data/boards/board_parts/zynq/zc706/0.9/board_part.xml as part xc7z045ffg900-2 specified in board_part file is either invalid or not available
WARNING: [Board 49-26] cannot add Board Part xilinx.com:zc706:part0:1.0 available at D:/Vivado/2014.4/data/boards/board_parts/zynq/zc706/1.0/board_part.xml as part xc7z045ffg900-2 specified in board_part file is either invalid or not available
WARNING: [Board 49-26] cannot add Board Part xilinx.com:zc706:part0:1.1 available at D:/Vivado/2014.4/data/boards/board_parts/zynq/zc706/1.1/board_part.xml as part xc7z045ffg900-2 specified in board_part file is either invalid or not available
# set_param project.compositeFile.enableAutoGeneration 0
# set_param synth.vivado.isSynthRun true
# set_msg_config -id {IP_Flow 19-2162} -severity warning -new_severity info
# set_property webtalk.parent_dir C:/Users/Tianhe/Desktop/heat_files/results_files/nexys_4/nexys_4.cache/wt [current_project]
# set_property parent.project_path C:/Users/Tianhe/Desktop/heat_files/results_files/nexys_4/nexys_4.xpr [current_project]
# set_property default_lib xil_defaultlib [current_project]
# set_property target_language Verilog [current_project]
# read_ip C:/Users/Tianhe/Desktop/heat_files/results_files/nexys_4/nexys_4.srcs/sources_1/ip/xadc_wiz_0/xadc_wiz_0.xci
INFO: [IP_Flow 19-234] Refreshing IP repositories
INFO: [IP_Flow 19-1704] No user IP repositories specified
INFO: [IP_Flow 19-2313] Loaded Vivado IP repository 'D:/Vivado/2014.4/data/ip'.
WARNING: [IP_Flow 19-3664] IP 'xadc_wiz_0' generated file not found 'c:/Users/Tianhe/Desktop/heat_files/results_files/nexys_4/nexys_4.srcs/sources_1/ip/xadc_wiz_0/xadc_wiz_0.dcp'. Please regenerate to continue.
WARNING: [IP_Flow 19-3664] IP 'xadc_wiz_0' generated file not found 'c:/Users/Tianhe/Desktop/heat_files/results_files/nexys_4/nexys_4.srcs/sources_1/ip/xadc_wiz_0/xadc_wiz_0_stub.v'. Please regenerate to continue.
WARNING: [IP_Flow 19-3664] IP 'xadc_wiz_0' generated file not found 'c:/Users/Tianhe/Desktop/heat_files/results_files/nexys_4/nexys_4.srcs/sources_1/ip/xadc_wiz_0/xadc_wiz_0_stub.vhdl'. Please regenerate to continue.
WARNING: [IP_Flow 19-3664] IP 'xadc_wiz_0' generated file not found 'c:/Users/Tianhe/Desktop/heat_files/results_files/nexys_4/nexys_4.srcs/sources_1/ip/xadc_wiz_0/xadc_wiz_0_funcsim.v'. Please regenerate to continue.
WARNING: [IP_Flow 19-3664] IP 'xadc_wiz_0' generated file not found 'c:/Users/Tianhe/Desktop/heat_files/results_files/nexys_4/nexys_4.srcs/sources_1/ip/xadc_wiz_0/xadc_wiz_0_funcsim.vhdl'. Please regenerate to continue.
# set_property used_in_implementation false [get_files -all c:/Users/Tianhe/Desktop/heat_files/results_files/nexys_4/nexys_4.srcs/sources_1/ip/xadc_wiz_0/xadc_wiz_0.dcp]
# set_property is_locked true [get_files C:/Users/Tianhe/Desktop/heat_files/results_files/nexys_4/nexys_4.srcs/sources_1/ip/xadc_wiz_0/xadc_wiz_0.xci]
# read_xdc dont_touch.xdc
# set_property used_in_implementation false [get_files dont_touch.xdc]
# catch { write_hwdef -file xadc_wiz_0.hwdef }
INFO: [Vivado_Tcl 4-279] hardware handoff file cannot be generated as there is no block diagram instance in the design
# synth_design -top xadc_wiz_0 -part xc7a100tcsg324-1 -mode out_of_context
Command: synth_design -top xadc_wiz_0 -part xc7a100tcsg324-1 -mode out_of_context
Starting synth_design
Attempting to get a license for feature 'Synthesis' and/or device 'xc7a100t'
INFO: [Common 17-349] Got license for feature 'Synthesis' and/or device 'xc7a100t'
---------------------------------------------------------------------------------
Starting RTL Elaboration : Time (s): cpu = 00:00:04 ; elapsed = 00:00:05 . Memory (MB): peak = 240.355 ; gain = 80.137
---------------------------------------------------------------------------------
INFO: [Synth 8-638] synthesizing module 'xadc_wiz_0' [c:/Users/Tianhe/Desktop/heat_files/results_files/nexys_4/nexys_4.srcs/sources_1/ip/xadc_wiz_0/xadc_wiz_0.v:53]
INFO: [Synth 8-638] synthesizing module 'XADC' [D:/Vivado/2014.4/scripts/rt/data/unisim_comp.v:35484]
	Parameter IS_CONVSTCLK_INVERTED bound to: 1'b0 
	Parameter IS_DCLK_INVERTED bound to: 1'b0 
	Parameter SIM_DEVICE bound to: 7SERIES - type: string 
	Parameter SIM_MONITOR_FILE bound to: c:/Users/Tianhe/Desktop/heat_files/results_files/nexys_4/nexys_4.srcs/sources_1/ip/xadc_wiz_0/xadc_wiz_0/simulation/functional/design.txt - type: string 
	Parameter INIT_40 bound to: 16'b1000001000000000 
	Parameter INIT_41 bound to: 16'b0010000100001111 
	Parameter INIT_42 bound to: 16'b0000010000000000 
	Parameter INIT_43 bound to: 16'b0000000000000000 
	Parameter INIT_44 bound to: 16'b0000000000000000 
	Parameter INIT_45 bound to: 16'b0000000000000000 
	Parameter INIT_46 bound to: 16'b0000000000000000 
	Parameter INIT_47 bound to: 16'b0000000000000000 
	Parameter INIT_48 bound to: 16'b0000001100000000 
	Parameter INIT_49 bound to: 16'b0000000000000000 
	Parameter INIT_4A bound to: 16'b0000000000000000 
	Parameter INIT_4B bound to: 16'b0000000000000000 
	Parameter INIT_4C bound to: 16'b0000000000000000 
	Parameter INIT_4D bound to: 16'b0000000000000000 
	Parameter INIT_4E bound to: 16'b0000000000000000 
	Parameter INIT_4F bound to: 16'b0000000000000000 
	Parameter INIT_50 bound to: 16'b1011010111101101 
	Parameter INIT_51 bound to: 16'b0101011111100100 
	Parameter INIT_52 bound to: 16'b1010000101000111 
	Parameter INIT_53 bound to: 16'b1100101000110011 
	Parameter INIT_54 bound to: 16'b1010100100111010 
	Parameter INIT_55 bound to: 16'b0101001011000110 
	Parameter INIT_56 bound to: 16'b1001010101010101 
	Parameter INIT_57 bound to: 16'b1010111001001110 
	Parameter INIT_58 bound to: 16'b0101100110011001 
	Parameter INIT_59 bound to: 16'b0000000000000000 
	Parameter INIT_5A bound to: 16'b0000000000000000 
	Parameter INIT_5B bound to: 16'b0000000000000000 
	Parameter INIT_5C bound to: 16'b0101000100010001 
	Parameter INIT_5D bound to: 16'b0000000000000000 
	Parameter INIT_5E bound to: 16'b0000000000000000 
	Parameter INIT_5F bound to: 16'b0000000000000000 
INFO: [Synth 8-256] done synthesizing module 'XADC' (1#1) [D:/Vivado/2014.4/scripts/rt/data/unisim_comp.v:35484]
INFO: [Synth 8-256] done synthesizing module 'xadc_wiz_0' (2#1) [c:/Users/Tianhe/Desktop/heat_files/results_files/nexys_4/nexys_4.srcs/sources_1/ip/xadc_wiz_0/xadc_wiz_0.v:53]
---------------------------------------------------------------------------------
Finished RTL Elaboration : Time (s): cpu = 00:00:05 ; elapsed = 00:00:06 . Memory (MB): peak = 274.398 ; gain = 114.180
---------------------------------------------------------------------------------

Report Check Netlist: 
+------+------------------+-------+---------+-------+------------------+
|      |Item              |Errors |Warnings |Status |Description       |
+------+------------------+-------+---------+-------+------------------+
|1     |multi_driven_nets |      0|        0|Passed |Multi driven nets |
+------+------------------+-------+---------+-------+------------------+
---------------------------------------------------------------------------------
Finished RTL Optimization Phase 1 : Time (s): cpu = 00:00:05 ; elapsed = 00:00:06 . Memory (MB): peak = 274.398 ; gain = 114.180
---------------------------------------------------------------------------------
INFO: [Netlist 29-17] Analyzing 1 Unisim elements for replacement
INFO: [Netlist 29-28] Unisim Transformation completed in 0 CPU seconds
Loading clock regions from D:/Vivado/2014.4/data\parts/xilinx/artix7/artix7/xc7a100t/ClockRegion.xml
Loading clock buffers from D:/Vivado/2014.4/data\parts/xilinx/artix7/artix7/xc7a100t/ClockBuffers.xml
Loading clock placement rules from D:/Vivado/2014.4/data/parts/xilinx/artix7/ClockPlacerRules.xml
Loading package pin functions from D:/Vivado/2014.4/data\parts/xilinx/artix7/PinFunctions.xml...
Loading package from D:/Vivado/2014.4/data\parts/xilinx/artix7/artix7/xc7a100t/csg324/Package.xml
Loading io standards from D:/Vivado/2014.4/data\./parts/xilinx/artix7/IOStandards.xml
Loading device configuration modes from D:/Vivado/2014.4/data\parts/xilinx/artix7/ConfigModes.xml
INFO: [Project 1-570] Preparing netlist for logic optimization

Processing XDC Constraints
Initializing timing engine
Parsing XDC File [c:/Users/Tianhe/Desktop/heat_files/results_files/nexys_4/nexys_4.srcs/sources_1/ip/xadc_wiz_0/xadc_wiz_0_ooc.xdc] for cell 'inst'
Finished Parsing XDC File [c:/Users/Tianhe/Desktop/heat_files/results_files/nexys_4/nexys_4.srcs/sources_1/ip/xadc_wiz_0/xadc_wiz_0_ooc.xdc] for cell 'inst'
Parsing XDC File [c:/Users/Tianhe/Desktop/heat_files/results_files/nexys_4/nexys_4.srcs/sources_1/ip/xadc_wiz_0/xadc_wiz_0.xdc] for cell 'inst'
Finished Parsing XDC File [c:/Users/Tianhe/Desktop/heat_files/results_files/nexys_4/nexys_4.srcs/sources_1/ip/xadc_wiz_0/xadc_wiz_0.xdc] for cell 'inst'
Parsing XDC File [C:/Users/Tianhe/Desktop/heat_files/results_files/nexys_4/nexys_4.runs/xadc_wiz_0_synth_1/dont_touch.xdc]
Finished Parsing XDC File [C:/Users/Tianhe/Desktop/heat_files/results_files/nexys_4/nexys_4.runs/xadc_wiz_0_synth_1/dont_touch.xdc]
Completed Processing XDC Constraints

INFO: [Project 1-111] Unisim Transformation Summary:
No Unisim elements were transformed.

Constraint Validation Runtime : Time (s): cpu = 00:00:00 ; elapsed = 00:00:00 . Memory (MB): peak = 489.809 ; gain = 0.000
---------------------------------------------------------------------------------
Finished Constraint Validation : Time (s): cpu = 00:00:12 ; elapsed = 00:00:14 . Memory (MB): peak = 489.809 ; gain = 329.590
---------------------------------------------------------------------------------
---------------------------------------------------------------------------------
Start Loading Part and Timing Information
---------------------------------------------------------------------------------
Loading part: xc7a100tcsg324-1
---------------------------------------------------------------------------------
Finished Loading Part and Timing Information : Time (s): cpu = 00:00:12 ; elapsed = 00:00:14 . Memory (MB): peak = 489.809 ; gain = 329.590
---------------------------------------------------------------------------------
---------------------------------------------------------------------------------
Start Applying 'set_property' XDC Constraints
---------------------------------------------------------------------------------
Applied set_property DONT_TOUCH = true for inst. (constraint file  C:/Users/Tianhe/Desktop/heat_files/results_files/nexys_4/nexys_4.runs/xadc_wiz_0_synth_1/dont_touch.xdc, line 9).
---------------------------------------------------------------------------------
Finished applying 'set_property' XDC Constraints : Time (s): cpu = 00:00:12 ; elapsed = 00:00:14 . Memory (MB): peak = 489.809 ; gain = 329.590
---------------------------------------------------------------------------------
---------------------------------------------------------------------------------
Finished RTL Optimization Phase 2 : Time (s): cpu = 00:00:12 ; elapsed = 00:00:14 . Memory (MB): peak = 489.809 ; gain = 329.590
---------------------------------------------------------------------------------

Report RTL Partitions: 
+-+--------------+------------+----------+
| |RTL Partition |Replication |Instances |
+-+--------------+------------+----------+
+-+--------------+------------+----------+
---------------------------------------------------------------------------------
Start RTL Component Statistics 
---------------------------------------------------------------------------------
Detailed RTL Component Info : 
---------------------------------------------------------------------------------
Finished RTL Component Statistics 
---------------------------------------------------------------------------------
---------------------------------------------------------------------------------
Start RTL Hierarchical Component Statistics 
---------------------------------------------------------------------------------
Hierarchical RTL Component report 
Module xadc_wiz_0 
Detailed RTL Component Info : 
---------------------------------------------------------------------------------
Finished RTL Hierarchical Component Statistics
---------------------------------------------------------------------------------
---------------------------------------------------------------------------------
Start Part Resource Summary
---------------------------------------------------------------------------------
Part Resources:
DSPs: 240 (col length:80)
BRAMs: 270 (col length: RAMB18 80 RAMB36 40)
---------------------------------------------------------------------------------
Finished Part Resource Summary
---------------------------------------------------------------------------------
Start Parallel Synthesis Optimization  : Time (s): cpu = 00:00:13 ; elapsed = 00:00:14 . Memory (MB): peak = 489.809 ; gain = 329.590
---------------------------------------------------------------------------------
Start Cross Boundary Optimization
---------------------------------------------------------------------------------
---------------------------------------------------------------------------------
Finished Cross Boundary Optimization : Time (s): cpu = 00:00:13 ; elapsed = 00:00:14 . Memory (MB): peak = 489.809 ; gain = 329.590
---------------------------------------------------------------------------------
Finished Parallel Reinference  : Time (s): cpu = 00:00:13 ; elapsed = 00:00:14 . Memory (MB): peak = 489.809 ; gain = 329.590

Report RTL Partitions: 
+-+--------------+------------+----------+
| |RTL Partition |Replication |Instances |
+-+--------------+------------+----------+
+-+--------------+------------+----------+
---------------------------------------------------------------------------------
Start RAM, DSP and Shift Register Reporting
---------------------------------------------------------------------------------
---------------------------------------------------------------------------------
Finished RAM, DSP and Shift Register Reporting
---------------------------------------------------------------------------------
---------------------------------------------------------------------------------
Start Area Optimization
---------------------------------------------------------------------------------
---------------------------------------------------------------------------------
Finished Area Optimization : Time (s): cpu = 00:00:13 ; elapsed = 00:00:14 . Memory (MB): peak = 489.809 ; gain = 329.590
---------------------------------------------------------------------------------
---------------------------------------------------------------------------------
Finished Area Optimization : Time (s): cpu = 00:00:13 ; elapsed = 00:00:14 . Memory (MB): peak = 489.809 ; gain = 329.590
---------------------------------------------------------------------------------
Finished Parallel Area Optimization  : Time (s): cpu = 00:00:13 ; elapsed = 00:00:14 . Memory (MB): peak = 489.809 ; gain = 329.590

Report RTL Partitions: 
+-+--------------+------------+----------+
| |RTL Partition |Replication |Instances |
+-+--------------+------------+----------+
+-+--------------+------------+----------+
Finished Parallel Synthesis Optimization  : Time (s): cpu = 00:00:13 ; elapsed = 00:00:14 . Memory (MB): peak = 489.809 ; gain = 329.590
---------------------------------------------------------------------------------
Start Timing Optimization
---------------------------------------------------------------------------------
---------------------------------------------------------------------------------
Start Applying XDC Timing Constraints
---------------------------------------------------------------------------------
---------------------------------------------------------------------------------
Finished Applying XDC Timing Constraints : Time (s): cpu = 00:00:24 ; elapsed = 00:00:25 . Memory (MB): peak = 530.945 ; gain = 370.727
---------------------------------------------------------------------------------
---------------------------------------------------------------------------------
Finished Timing Optimization : Time (s): cpu = 00:00:24 ; elapsed = 00:00:25 . Memory (MB): peak = 530.945 ; gain = 370.727
---------------------------------------------------------------------------------

Report RTL Partitions: 
+-+--------------+------------+----------+
| |RTL Partition |Replication |Instances |
+-+--------------+------------+----------+
+-+--------------+------------+----------+
---------------------------------------------------------------------------------
Start Technology Mapping
---------------------------------------------------------------------------------
---------------------------------------------------------------------------------
Finished Technology Mapping : Time (s): cpu = 00:00:24 ; elapsed = 00:00:25 . Memory (MB): peak = 539.859 ; gain = 379.641
---------------------------------------------------------------------------------

Report RTL Partitions: 
+-+--------------+------------+----------+
| |RTL Partition |Replication |Instances |
+-+--------------+------------+----------+
+-+--------------+------------+----------+
---------------------------------------------------------------------------------
Start IO Insertion
---------------------------------------------------------------------------------
---------------------------------------------------------------------------------
Start Flattening Before IO Insertion
---------------------------------------------------------------------------------
---------------------------------------------------------------------------------
Finished Flattening Before IO Insertion
---------------------------------------------------------------------------------
---------------------------------------------------------------------------------
Start Final Netlist Cleanup
---------------------------------------------------------------------------------
---------------------------------------------------------------------------------
Finished Final Netlist Cleanup
---------------------------------------------------------------------------------
---------------------------------------------------------------------------------
Finished IO Insertion : Time (s): cpu = 00:00:24 ; elapsed = 00:00:26 . Memory (MB): peak = 539.859 ; gain = 379.641
---------------------------------------------------------------------------------

Report Check Netlist: 
+------+------------------+-------+---------+-------+------------------+
|      |Item              |Errors |Warnings |Status |Description       |
+------+------------------+-------+---------+-------+------------------+
|1     |multi_driven_nets |      0|        0|Passed |Multi driven nets |
+------+------------------+-------+---------+-------+------------------+
---------------------------------------------------------------------------------
Start Renaming Generated Instances
---------------------------------------------------------------------------------
---------------------------------------------------------------------------------
Finished Renaming Generated Instances : Time (s): cpu = 00:00:24 ; elapsed = 00:00:26 . Memory (MB): peak = 539.859 ; gain = 379.641
---------------------------------------------------------------------------------

Report RTL Partitions: 
+-+--------------+------------+----------+
| |RTL Partition |Replication |Instances |
+-+--------------+------------+----------+
+-+--------------+------------+----------+
---------------------------------------------------------------------------------
Start Rebuilding User Hierarchy
---------------------------------------------------------------------------------
---------------------------------------------------------------------------------
Finished Rebuilding User Hierarchy : Time (s): cpu = 00:00:24 ; elapsed = 00:00:26 . Memory (MB): peak = 539.859 ; gain = 379.641
---------------------------------------------------------------------------------
---------------------------------------------------------------------------------
Start RAM, DSP and Shift Register Reporting
---------------------------------------------------------------------------------
---------------------------------------------------------------------------------
Finished RAM, DSP and Shift Register Reporting
---------------------------------------------------------------------------------
---------------------------------------------------------------------------------
Start Writing Synthesis Report
---------------------------------------------------------------------------------

Report BlackBoxes: 
+-+--------------+----------+
| |BlackBox name |Instances |
+-+--------------+----------+
+-+--------------+----------+

Report Cell Usage: 
+------+-----+------+
|      |Cell |Count |
+------+-----+------+
|1     |XADC |     1|
+------+-----+------+

Report Instance Areas: 
+------+---------+-------+------+
|      |Instance |Module |Cells |
+------+---------+-------+------+
|1     |top      |       |     1|
+------+---------+-------+------+
---------------------------------------------------------------------------------
Finished Writing Synthesis Report : Time (s): cpu = 00:00:24 ; elapsed = 00:00:26 . Memory (MB): peak = 539.859 ; gain = 379.641
---------------------------------------------------------------------------------
Synthesis finished with 0 errors, 0 critical warnings and 0 warnings.
Synthesis Optimization Runtime : Time (s): cpu = 00:00:00 ; elapsed = 00:00:19 . Memory (MB): peak = 539.859 ; gain = 132.949
Synthesis Optimization Complete : Time (s): cpu = 00:00:25 ; elapsed = 00:00:26 . Memory (MB): peak = 539.859 ; gain = 379.641
INFO: [Project 1-571] Translating synthesized netlist
INFO: [Netlist 29-17] Analyzing 1 Unisim elements for replacement
INFO: [Netlist 29-28] Unisim Transformation completed in 0 CPU seconds
INFO: [Project 1-570] Preparing netlist for logic optimization
Parsing XDC File [c:/Users/Tianhe/Desktop/heat_files/results_files/nexys_4/nexys_4.srcs/sources_1/ip/xadc_wiz_0/xadc_wiz_0_ooc.xdc] for cell 'inst'
Finished Parsing XDC File [c:/Users/Tianhe/Desktop/heat_files/results_files/nexys_4/nexys_4.srcs/sources_1/ip/xadc_wiz_0/xadc_wiz_0_ooc.xdc] for cell 'inst'
Parsing XDC File [c:/Users/Tianhe/Desktop/heat_files/results_files/nexys_4/nexys_4.srcs/sources_1/ip/xadc_wiz_0/xadc_wiz_0.xdc] for cell 'inst'
Finished Parsing XDC File [c:/Users/Tianhe/Desktop/heat_files/results_files/nexys_4/nexys_4.srcs/sources_1/ip/xadc_wiz_0/xadc_wiz_0.xdc] for cell 'inst'
INFO: [Opt 31-138] Pushed 0 inverter(s) to 0 load pin(s).
INFO: [Project 1-111] Unisim Transformation Summary:
No Unisim elements were transformed.

INFO: [Common 17-83] Releasing license: Synthesis
16 Infos, 0 Warnings, 0 Critical Warnings and 0 Errors encountered.
synth_design completed successfully
synth_design: Time (s): cpu = 00:00:24 ; elapsed = 00:00:26 . Memory (MB): peak = 567.723 ; gain = 376.223
# rename_ref -prefix_all xadc_wiz_0_
# write_checkpoint -noxdef xadc_wiz_0.dcp
# catch { report_utilization -file xadc_wiz_0_utilization_synth.rpt -pb xadc_wiz_0_utilization_synth.pb }
report_utilization: Time (s): cpu = 00:00:00 ; elapsed = 00:00:00.031 . Memory (MB): peak = 567.723 ; gain = 0.000
# if { [catch {
#   file copy -force C:/Users/Tianhe/Desktop/heat_files/results_files/nexys_4/nexys_4.runs/xadc_wiz_0_synth_1/xadc_wiz_0.dcp C:/Users/Tianhe/Desktop/heat_files/results_files/nexys_4/nexys_4.srcs/sources_1/ip/xadc_wiz_0/xadc_wiz_0.dcp
# } _RESULT ] } { 
#   error "ERROR: Unable to successfully create or copy the sub-design checkpoint file."
# }
# if { [catch {
#   write_verilog -force -mode synth_stub C:/Users/Tianhe/Desktop/heat_files/results_files/nexys_4/nexys_4.srcs/sources_1/ip/xadc_wiz_0/xadc_wiz_0_stub.v
# } _RESULT ] } { 
#   puts "CRITICAL WARNING: Unable to successfully create a Verilog synthesis stub for the sub-design. This may lead to errors in top level synthesis of the design. Error reported: $_RESULT"
# }
# if { [catch {
#   write_vhdl -force -mode synth_stub C:/Users/Tianhe/Desktop/heat_files/results_files/nexys_4/nexys_4.srcs/sources_1/ip/xadc_wiz_0/xadc_wiz_0_stub.vhdl
# } _RESULT ] } { 
#   puts "CRITICAL WARNING: Unable to successfully create a VHDL synthesis stub for the sub-design. This may lead to errors in top level synthesis of the design. Error reported: $_RESULT"
# }
# if { [catch {
#   write_verilog -force -mode funcsim C:/Users/Tianhe/Desktop/heat_files/results_files/nexys_4/nexys_4.srcs/sources_1/ip/xadc_wiz_0/xadc_wiz_0_funcsim.v
# } _RESULT ] } { 
#   puts "CRITICAL WARNING: Unable to successfully create the Verilog functional simulation sub-design file. Post-Synthesis Functional Simulation with this file may not be possible or may give incorrect results. Error reported: $_RESULT"
# }
# if { [catch {
#   write_vhdl -force -mode funcsim C:/Users/Tianhe/Desktop/heat_files/results_files/nexys_4/nexys_4.srcs/sources_1/ip/xadc_wiz_0/xadc_wiz_0_funcsim.vhdl
# } _RESULT ] } { 
#   puts "CRITICAL WARNING: Unable to successfully create the VHDL functional simulation sub-design file. Post-Synthesis Functional Simulation with this file may not be possible or may give incorrect results. Error reported: $_RESULT"
# }
INFO: [Common 17-206] Exiting Vivado at Fri Oct 23 12:13:11 2015...
